::1 - - [09/Apr/2023:14:32:45 -0300] "GET /phpmyadmin HTTP/1.1" 301 236
::1 - - [09/Apr/2023:14:32:45 -0300] "GET /phpmyadmin/ HTTP/1.1" 200 3460
::1 - - [09/Apr/2023:14:32:45 -0300] "GET /phpmyadmin/themes/pmahomme/jquery/jquery-ui.css HTTP/1.1" 200 36566
::1 - - [09/Apr/2023:14:32:45 -0300] "GET /phpmyadmin/js/codemirror/lib/codemirror.css?v=4.7.5 HTTP/1.1" 200 8132
::1 - - [09/Apr/2023:14:32:45 -0300] "GET /phpmyadmin/js/codemirror/addon/hint/show-hint.css?v=4.7.5 HTTP/1.1" 200 623
::1 - - [09/Apr/2023:14:32:45 -0300] "GET /phpmyadmin/js/codemirror/addon/lint/lint.css?v=4.7.5 HTTP/1.1" 200 2999
::1 - - [09/Apr/2023:14:32:45 -0300] "GET /phpmyadmin/js/get_scripts.js.php?scripts%5B%5D=jquery/jquery.ba-hashchange-1.3.js&scripts%5B%5D=jquery/jquery.debounce-1.0.5.js&scripts%5B%5D=menu-resizer.js&scripts%5B%5D=cross_framing_protection.js&scripts%5B%5D=rte.js&scripts%5B%5D=tracekit/tracekit.js&scripts%5B%5D=error_report.js&scripts%5B%5D=config.js&scripts%5B%5D=doclinks.js&scripts%5B%5D=functions.js&v=4.7.5 HTTP/1.1" 200 77087
::1 - - [09/Apr/2023:14:32:45 -0300] "GET /phpmyadmin/phpmyadmin.css.php?nocache=4528413218ltr&server=1 HTTP/1.1" 200 20133
::1 - - [09/Apr/2023:14:32:45 -0300] "GET /phpmyadmin/js/get_scripts.js.php?scripts%5B%5D=jquery/jquery.min.js&scripts%5B%5D=jquery/jquery-migrate-3.0.0.js&scripts%5B%5D=sprintf.js&scripts%5B%5D=ajax.js&scripts%5B%5D=keyhandler.js&scripts%5B%5D=jquery/jquery-ui.min.js&scripts%5B%5D=jquery/jquery.cookie.js&scripts%5B%5D=jquery/jquery.mousewheel.js&scripts%5B%5D=jquery/jquery.event.drag-2.2.js&scripts%5B%5D=jquery/jquery-ui-timepicker-addon.js&v=4.7.5 HTTP/1.1" 200 138876
::1 - - [09/Apr/2023:14:32:45 -0300] "GET /phpmyadmin/js/get_scripts.js.php?scripts%5B%5D=navigation.js&scripts%5B%5D=indexes.js&scripts%5B%5D=common.js&scripts%5B%5D=page_settings.js&scripts%5B%5D=shortcuts_handler.js&scripts%5B%5D=codemirror/lib/codemirror.js&scripts%5B%5D=codemirror/mode/sql/sql.js&scripts%5B%5D=codemirror/addon/runmode/runmode.js&scripts%5B%5D=codemirror/addon/hint/show-hint.js&scripts%5B%5D=codemirror/addon/hint/sql-hint.js&v=4.7.5 HTTP/1.1" 200 135447
::1 - - [09/Apr/2023:14:32:45 -0300] "GET /phpmyadmin/js/whitelist.php?v=4.7.5&lang=pt&collation_connection=utf8mb4_unicode_ci HTTP/1.1" 200 475
::1 - - [09/Apr/2023:14:32:45 -0300] "GET /phpmyadmin/js/get_scripts.js.php?scripts%5B%5D=codemirror/addon/lint/lint.js&scripts%5B%5D=codemirror/addon/lint/sql-lint.js&scripts%5B%5D=console.js&v=4.7.5 HTTP/1.1" 200 13176
::1 - - [09/Apr/2023:14:32:45 -0300] "GET /phpmyadmin/js/messages.php?l=pt&v=4.7.5&lang=pt&collation_connection=utf8mb4_unicode_ci HTTP/1.1" 200 9832
::1 - - [09/Apr/2023:14:32:45 -0300] "GET /phpmyadmin/js/get_image.js.php?theme=pmahomme&v=4.7.5&lang=pt&collation_connection=utf8mb4_unicode_ci HTTP/1.1" 200 1841
::1 - - [09/Apr/2023:14:32:45 -0300] "GET /phpmyadmin/themes/pmahomme/img/logo_right.png HTTP/1.1" 200 4601
::1 - - [09/Apr/2023:14:32:46 -0300] "GET /phpmyadmin/themes/dot.gif HTTP/1.1" 200 43
::1 - - [09/Apr/2023:14:32:46 -0300] "GET /phpmyadmin/themes/pmahomme/css/printview.css?v=4.7.5 HTTP/1.1" 200 2746
::1 - - [09/Apr/2023:14:32:46 -0300] "GET /phpmyadmin/themes/pmahomme/img/sprites.png?v=4.7.5 HTTP/1.1" 200 15764
::1 - - [09/Apr/2023:14:32:46 -0300] "GET /phpmyadmin/favicon.ico HTTP/1.1" 200 22486
::1 - - [09/Apr/2023:14:32:50 -0300] "POST /phpmyadmin/index.php HTTP/1.1" 200 3493
::1 - - [09/Apr/2023:14:32:50 -0300] "GET /phpmyadmin/js/messages.php?l=pt&v=4.7.5 HTTP/1.1" 200 9832
::1 - - [09/Apr/2023:14:32:50 -0300] "GET /phpmyadmin/js/whitelist.php?v=4.7.5 HTTP/1.1" 200 475
::1 - - [09/Apr/2023:14:32:50 -0300] "GET /phpmyadmin/js/get_image.js.php?theme=pmahomme&v=4.7.5 HTTP/1.1" 200 1841
::1 - - [09/Apr/2023:14:32:55 -0300] "POST /phpmyadmin/index.php HTTP/1.1" 302 25
::1 - - [09/Apr/2023:14:32:55 -0300] "GET /phpmyadmin/index.php HTTP/1.1" 200 13809
::1 - - [09/Apr/2023:14:32:55 -0300] "GET /phpmyadmin/themes/pmahomme/img/logo_left.png HTTP/1.1" 200 2827
::1 - - [09/Apr/2023:14:32:55 -0300] "GET /phpmyadmin/themes/pmahomme/img/ajax_clock_small.gif HTTP/1.1" 200 1810
::1 - - [09/Apr/2023:14:32:55 -0300] "GET /phpmyadmin/themes/pmahomme/img/s_collapseall.png HTTP/1.1" 200 170
::1 - - [09/Apr/2023:14:32:55 -0300] "GET /phpmyadmin/phpmyadmin.css.php?nocache=6209474793ltr&server=1 HTTP/1.1" 200 20133
::1 - - [09/Apr/2023:14:32:55 -0300] "GET /phpmyadmin/themes/pmahomme/img/left_nav_bg.png HTTP/1.1" 200 257
::1 - - [09/Apr/2023:14:32:55 -0300] "POST /phpmyadmin/navigation.php?ajax_request=1 HTTP/1.1" 200 1911
::1 - - [09/Apr/2023:14:32:55 -0300] "POST /phpmyadmin/version_check.php HTTP/1.1" 200 65
::1 - - [09/Apr/2023:14:33:04 -0300] "GET /phpmyadmin/navigation.php?ajax_request=1&aPath=cm9vdA%3D%3D.cHdpaQ%3D%3D&vPath=cm9vdA%3D%3D.cHdpaQ%3D%3D&pos=0&pos2_name=&pos2_value=&searchClause=&searchClause2=&_nocache=1681061584593963393 HTTP/1.1" 200 1838
::1 - - [09/Apr/2023:14:33:06 -0300] "GET /phpmyadmin/navigation.php?ajax_request=1&aPath=cm9vdA%3D%3D.cHdpaQ%3D%3D.dGFibGVz.YW1pZ28%3D&vPath=cm9vdA%3D%3D.cHdpaQ%3D%3D.VGFiZWxhcw%3D%3D.YW1pZ28%3D&pos=0&pos2_name=tables&pos2_value=0&searchClause=&searchClause2=&_nocache=1681061586401405722 HTTP/1.1" 200 1940
::1 - - [09/Apr/2023:14:33:08 -0300] "GET /phpmyadmin/navigation.php?ajax_request=1&aPath=cm9vdA%3D%3D.cHdpaQ%3D%3D.dGFibGVz.YW1pZ28%3D.Y29sdW1ucw%3D%3D&vPath=cm9vdA%3D%3D.cHdpaQ%3D%3D.VGFiZWxhcw%3D%3D.YW1pZ28%3D.Q29sdW1ucw%3D%3D&pos=0&pos2_name=tables&pos2_value=0&searchClause=&searchClause2=&_nocache=1681061588112793241 HTTP/1.1" 200 1734
::1 - - [09/Apr/2023:14:39:18 -0300] "GET / HTTP/1.1" 200 605
::1 - - [09/Apr/2023:14:39:19 -0300] "GET /favicon.ico HTTP/1.1" 404 209
::1 - - [09/Apr/2023:14:39:25 -0300] "GET /VoceNoComando/ HTTP/1.1" 200 1237
::1 - - [09/Apr/2023:14:40:25 -0300] "-" 408 -
::1 - - [09/Apr/2023:14:44:20 -0300] "POST /VoceNoComando/loginAction.php HTTP/1.1" 200 708
::1 - - [09/Apr/2023:14:44:22 -0300] "GET /VoceNoComando/index.php HTTP/1.1" 200 1237
::1 - - [09/Apr/2023:14:45:20 -0300] "-" 408 -
::1 - - [09/Apr/2023:14:45:32 -0300] "GET / HTTP/1.1" 200 605
::1 - - [09/Apr/2023:14:45:38 -0300] "GET /MergulhandoNoTema/ HTTP/1.1" 200 1310
::1 - - [09/Apr/2023:14:45:43 -0300] "GET /MergulhandoNoTemaSEMREQUIRE/ HTTP/1.1" 200 1393
::1 - - [09/Apr/2023:14:45:43 -0300] "GET /MergulhandoNoTemaSEMREQUIRE/img/gabi.jpg HTTP/1.1" 200 668221
::1 - - [09/Apr/2023:14:45:57 -0300] "GET /MergulhandoNoTemaSession/ HTTP/1.1" 200 1393
::1 - - [09/Apr/2023:14:45:57 -0300] "GET /MergulhandoNoTemaSession/img/gabi.jpg HTTP/1.1" 200 668221
::1 - - [09/Apr/2023:14:46:17 -0300] "POST /MergulhandoNoTemaSession/loginAction.php HTTP/1.1" 200 701
::1 - - [09/Apr/2023:14:46:20 -0300] "GET /MergulhandoNoTemaSession/principal.php HTTP/1.1" 200 1781
::1 - - [09/Apr/2023:14:46:36 -0300] "POST /MergulhandoNoTemaSession/loginAction.php HTTP/1.1" 200 701
::1 - - [09/Apr/2023:14:46:41 -0300] "GET /MergulhandoNoTemaSession/ HTTP/1.1" 200 1393
::1 - - [09/Apr/2023:14:47:33 -0300] "-" 408 -
::1 - - [09/Apr/2023:14:56:51 -0300] "POST /phpmyadmin/index.php HTTP/1.1" 200 1397
