2023-11-12 17:36:50 17356 [Note] Plugin 'FEDERATED' is disabled.
2023-11-12 17:36:50 17356 [Note] InnoDB: The InnoDB memory heap is disabled
2023-11-12 17:36:50 17356 [Note] InnoDB: Mutexes and rw_locks use Windows interlocked functions
2023-11-12 17:36:50 17356 [Note] InnoDB: Compressed tables use zlib 1.2.3
2023-11-12 17:36:50 17356 [Note] InnoDB: Not using CPU crc32 instructions
2023-11-12 17:36:50 17356 [Note] InnoDB: Initializing buffer pool, size = 128.0M
2023-11-12 17:36:50 17356 [Note] InnoDB: Completed initialization of buffer pool
2023-11-12 17:36:50 17356 [Note] InnoDB: Setting log file D:\Repositorios\php_studies\USBWebserverv8.6\mysql\data\ib_logfile101 size to 5 MB
2023-11-12 17:36:50 17356 [Note] InnoDB: Setting log file D:\Repositorios\php_studies\USBWebserverv8.6\mysql\data\ib_logfile1 size to 5 MB
2023-11-12 17:36:51 17356 [Note] InnoDB: Renaming log file D:\Repositorios\php_studies\USBWebserverv8.6\mysql\data\ib_logfile101 to D:\Repositorios\php_studies\USBWebserverv8.6\mysql\data\ib_logfile0
2023-11-12 17:36:51 17356 [Warning] InnoDB: New log files created, LSN=1626134
2023-11-12 17:36:51 17356 [Note] InnoDB: Highest supported file format is Barracuda.
2023-11-12 17:36:51 17356 [Note] InnoDB: 128 rollback segment(s) are active.
2023-11-12 17:36:51 17356 [Note] InnoDB: Waiting for purge to start
2023-11-12 17:36:51 17356 [Note] InnoDB: 5.6.13 started; log sequence number 1626636
2023-11-12 17:36:51 17356 [Warning] No existing UUID has been found, so we assume that this is the first time that this server has been started. Generating a new UUID: 3589fbc8-819b-11ee-8aaa-3c18a01fbc6d.
2023-11-12 17:36:51 17356 [Note] Server hostname (bind-address): '*'; port: 3307
2023-11-12 17:36:51 17356 [Note] IPv6 is available.
2023-11-12 17:36:51 17356 [Note]   - '::' resolves to '::';
2023-11-12 17:36:51 17356 [Note] Server socket created on IP: '::'.
